# JRE version: OpenJDK Runtime Environment (17.0.16+8) (build 17.0.16+8-Debian-1deb12u1)
# Java VM: OpenJDK 64-Bit Server VM (17.0.16+8-Debian-1deb12u1, mixed mode, sharing, tiered, compressed oops, compressed class ptrs, parallel gc, linux-amd64)
GC Precious Log:
 CPUs: 2 total, 2 available
 Memory: 1024M
 Large Page Support: Disabled
 NUMA Support: Disabled
 Compressed Oops: Enabled (Zero based)
 Alignments: Space 512K, Generation 512K, Heap 2M
 Heap Min Capacity: 8M
 Heap Initial Capacity: 16M
 Heap Max Capacity: 4G
 Pre-touch: Disabled
 Parallel Workers: 2
Heap:
 PSYoungGen      total 412160K, used 15475K [0x00000007aab00000, 0x00000007c5900000, 0x0000000800000000)
  eden space 384000K, 0% used [0x00000007aab00000,0x00000007aab00000,0x00000007c2200000)
  from space 28160K, 54% used [0x00000007c2200000,0x00000007c311cc88,0x00000007c3d80000)
  to   space 27136K, 0% used [0x00000007c3d80000,0x00000007c3d80000,0x00000007c5800000)
 ParOldGen       total 37376K, used 33555K [0x0000000700000000, 0x0000000702480000, 0x00000007aab00000)
  object space 37376K, 89% used [0x0000000700000000,0x00000007020c4fc0,0x0000000702480000)
 Metaspace       used 33733K, committed 34176K, reserved 1114112K
  class space    used 4677K, committed 4864K, reserved 1048576K
GC Heap History (20 events):
Event: 44.900 GC heap after
{Heap after GC invocations=36 (full 3):
 PSYoungGen      total 242688K, used 11808K [0x00000007aab00000, 0x00000007bbf00000, 0x0000000800000000)
  eden space 229888K, 0% used [0x00000007aab00000,0x00000007aab00000,0x00000007b8b80000)
  from space 12800K, 92% used [0x00000007b8b80000,0x00000007b9708020,0x00000007b9800000)
  to   space 14336K, 0% used [0x00000007bb100000,0x00000007bb100000,0x00000007bbf00000)
 ParOldGen       total 37376K, used 28459K [0x0000000700000000, 0x0000000702480000, 0x00000007aab00000)
  object space 37376K, 76% used [0x0000000700000000,0x0000000701bcafc0,0x0000000702480000)
 Metaspace       used 32537K, committed 32960K, reserved 1114112K
  class space    used 4544K, committed 4736K, reserved 1048576K
}
Event: 46.642 GC heap before
{Heap before GC invocations=37 (full 3):
 PSYoungGen      total 242688K, used 241696K [0x00000007aab00000, 0x00000007bbf00000, 0x0000000800000000)
  eden space 229888K, 100% used [0x00000007aab00000,0x00000007b8b80000,0x00000007b8b80000)
  from space 12800K, 92% used [0x00000007b8b80000,0x00000007b9708020,0x00000007b9800000)
  to   space 14336K, 0% used [0x00000007bb100000,0x00000007bb100000,0x00000007bbf00000)
 ParOldGen       total 37376K, used 28459K [0x0000000700000000, 0x0000000702480000, 0x00000007aab00000)
  object space 37376K, 76% used [0x0000000700000000,0x0000000701bcafc0,0x0000000702480000)
 Metaspace       used 32537K, committed 32960K, reserved 1114112K
  class space    used 4544K, committed 4736K, reserved 1048576K
}
Event: 46.780 GC heap after
{Heap after GC invocations=37 (full 3):
 PSYoungGen      total 267264K, used 12576K [0x00000007aab00000, 0x00000007bc380000, 0x0000000800000000)
  eden space 252928K, 0% used [0x00000007aab00000,0x00000007aab00000,0x00000007ba200000)
  from space 14336K, 87% used [0x00000007bb100000,0x00000007bbd48020,0x00000007bbf00000)
  to   space 15360K, 0% used [0x00000007ba200000,0x00000007ba200000,0x00000007bb100000)
 ParOldGen       total 37376K, used 28931K [0x0000000700000000, 0x0000000702480000, 0x00000007aab00000)
  object space 37376K, 77% used [0x0000000700000000,0x0000000701c40fc0,0x0000000702480000)
 Metaspace       used 32537K, committed 32960K, reserved 1114112K
  class space    used 4544K, committed 4736K, reserved 1048576K
}
Event: 48.583 GC heap before
{Heap before GC invocations=38 (full 3):
 PSYoungGen      total 267264K, used 265504K [0x00000007aab00000, 0x00000007bc380000, 0x0000000800000000)
  eden space 252928K, 100% used [0x00000007aab00000,0x00000007ba200000,0x00000007ba200000)
  from space 14336K, 87% used [0x00000007bb100000,0x00000007bbd48020,0x00000007bbf00000)
  to   space 15360K, 0% used [0x00000007ba200000,0x00000007ba200000,0x00000007bb100000)
 ParOldGen       total 37376K, used 28931K [0x0000000700000000, 0x0000000702480000, 0x00000007aab00000)
  object space 37376K, 77% used [0x0000000700000000,0x0000000701c40fc0,0x0000000702480000)
 Metaspace       used 32541K, committed 32960K, reserved 1114112K
  class space    used 4544K, committed 4736K, reserved 1048576K
}
Event: 48.661 GC heap after
{Heap after GC invocations=38 (full 3):
 PSYoungGen      total 268288K, used 14192K [0x00000007aab00000, 0x00000007bde80000, 0x0000000800000000)
  eden space 252928K, 0% used [0x00000007aab00000,0x00000007aab00000,0x00000007ba200000)
  from space 15360K, 92% used [0x00000007ba200000,0x00000007bafdc030,0x00000007bb100000)
  to   space 16896K, 0% used [0x00000007bce00000,0x00000007bce00000,0x00000007bde80000)
 ParOldGen       total 37376K, used 29123K [0x0000000700000000, 0x0000000702480000, 0x00000007aab00000)
  object space 37376K, 77% used [0x0000000700000000,0x0000000701c70fc0,0x0000000702480000)
 Metaspace       used 32541K, committed 32960K, reserved 1114112K
  class space    used 4544K, committed 4736K, reserved 1048576K
}
Event: 50.321 GC heap before
{Heap before GC invocations=39 (full 3):
 PSYoungGen      total 268288K, used 267120K [0x00000007aab00000, 0x00000007bde80000, 0x0000000800000000)
  eden space 252928K, 100% used [0x00000007aab00000,0x00000007ba200000,0x00000007ba200000)
  from space 15360K, 92% used [0x00000007ba200000,0x00000007bafdc030,0x00000007bb100000)
  to   space 16896K, 0% used [0x00000007bce00000,0x00000007bce00000,0x00000007bde80000)
 ParOldGen       total 37376K, used 29123K [0x0000000700000000, 0x0000000702480000, 0x00000007aab00000)
  object space 37376K, 77% used [0x0000000700000000,0x0000000701c70fc0,0x0000000702480000)
 Metaspace       used 32543K, committed 32960K, reserved 1114112K
  class space    used 4544K, committed 4736K, reserved 1048576K
}
Event: 50.400 GC heap after
{Heap after GC invocations=39 (full 3):
 PSYoungGen      total 295936K, used 15344K [0x00000007aab00000, 0x00000007be280000, 0x0000000800000000)
  eden space 279040K, 0% used [0x00000007aab00000,0x00000007aab00000,0x00000007bbb80000)
  from space 16896K, 90% used [0x00000007bce00000,0x00000007bdcfc030,0x00000007bde80000)
  to   space 18944K, 0% used [0x00000007bbb80000,0x00000007bbb80000,0x00000007bce00000)
 ParOldGen       total 37376K, used 29355K [0x0000000700000000, 0x0000000702480000, 0x00000007aab00000)
  object space 37376K, 78% used [0x0000000700000000,0x0000000701caafc0,0x0000000702480000)
 Metaspace       used 32543K, committed 32960K, reserved 1114112K
  class space    used 4544K, committed 4736K, reserved 1048576K
}
Event: 52.582 GC heap before
{Heap before GC invocations=40 (full 3):
 PSYoungGen      total 295936K, used 294384K [0x00000007aab00000, 0x00000007be280000, 0x0000000800000000)
  eden space 279040K, 100% used [0x00000007aab00000,0x00000007bbb80000,0x00000007bbb80000)
  from space 16896K, 90% used [0x00000007bce00000,0x00000007bdcfc030,0x00000007bde80000)
  to   space 18944K, 0% used [0x00000007bbb80000,0x00000007bbb80000,0x00000007bce00000)
 ParOldGen       total 37376K, used 29355K [0x0000000700000000, 0x0000000702480000, 0x00000007aab00000)
  object space 37376K, 78% used [0x0000000700000000,0x0000000701caafc0,0x0000000702480000)
 Metaspace       used 32548K, committed 32960K, reserved 1114112K
  class space    used 4544K, committed 4736K, reserved 1048576K
}
Event: 52.780 GC heap after
{Heap after GC invocations=40 (full 3):
 PSYoungGen      total 297984K, used 16408K [0x00000007aab00000, 0x00000007c0480000, 0x0000000800000000)
  eden space 279040K, 0% used [0x00000007aab00000,0x00000007aab00000,0x00000007bbb80000)
  from space 18944K, 86% used [0x00000007bbb80000,0x00000007bcb86298,0x00000007bce00000)
  to   space 20480K, 0% used [0x00000007bf080000,0x00000007bf080000,0x00000007c0480000)
 ParOldGen       total 37376K, used 29875K [0x0000000700000000, 0x0000000702480000, 0x00000007aab00000)
  object space 37376K, 79% used [0x0000000700000000,0x0000000701d2cfc0,0x0000000702480000)
 Metaspace       used 32548K, committed 32960K, reserved 1114112K
  class space    used 4544K, committed 4736K, reserved 1048576K
}
Event: 54.883 GC heap before
{Heap before GC invocations=41 (full 3):
 PSYoungGen      total 297984K, used 295448K [0x00000007aab00000, 0x00000007c0480000, 0x0000000800000000)
  eden space 279040K, 100% used [0x00000007aab00000,0x00000007bbb80000,0x00000007bbb80000)
  from space 18944K, 86% used [0x00000007bbb80000,0x00000007bcb86298,0x00000007bce00000)
  to   space 20480K, 0% used [0x00000007bf080000,0x00000007bf080000,0x00000007c0480000)
 ParOldGen       total 37376K, used 29875K [0x0000000700000000, 0x0000000702480000, 0x00000007aab00000)
  object space 37376K, 79% used [0x0000000700000000,0x0000000701d2cfc0,0x0000000702480000)
 Metaspace       used 32552K, committed 32960K, reserved 1114112K
  class space    used 4544K, committed 4736K, reserved 1048576K
}
Event: 54.982 GC heap after
{Heap after GC invocations=41 (full 3):
 PSYoungGen      total 331776K, used 17328K [0x00000007aab00000, 0x00000007c0700000, 0x0000000800000000)
  eden space 311296K, 0% used [0x00000007aab00000,0x00000007aab00000,0x00000007bdb00000)
  from space 20480K, 84% used [0x00000007bf080000,0x00000007c016c030,0x00000007c0480000)
  to   space 22016K, 0% used [0x00000007bdb00000,0x00000007bdb00000,0x00000007bf080000)
 ParOldGen       total 37376K, used 30267K [0x0000000700000000, 0x0000000702480000, 0x00000007aab00000)
  object space 37376K, 80% used [0x0000000700000000,0x0000000701d8efc0,0x0000000702480000)
 Metaspace       used 32552K, committed 32960K, reserved 1114112K
  class space    used 4544K, committed 4736K, reserved 1048576K
}
Event: 57.439 GC heap before
{Heap before GC invocations=42 (full 3):
 PSYoungGen      total 331776K, used 328624K [0x00000007aab00000, 0x00000007c0700000, 0x0000000800000000)
  eden space 311296K, 100% used [0x00000007aab00000,0x00000007bdb00000,0x00000007bdb00000)
  from space 20480K, 84% used [0x00000007bf080000,0x00000007c016c030,0x00000007c0480000)
  to   space 22016K, 0% used [0x00000007bdb00000,0x00000007bdb00000,0x00000007bf080000)
 ParOldGen       total 37376K, used 30267K [0x0000000700000000, 0x0000000702480000, 0x00000007aab00000)
  object space 37376K, 80% used [0x0000000700000000,0x0000000701d8efc0,0x0000000702480000)
 Metaspace       used 32572K, committed 32960K, reserved 1114112K
  class space    used 4544K, committed 4736K, reserved 1048576K
}
Event: 57.620 GC heap after
{Heap after GC invocations=42 (full 3):
 PSYoungGen      total 333312K, used 18112K [0x00000007aab00000, 0x00000007c2f00000, 0x0000000800000000)
  eden space 311296K, 0% used [0x00000007aab00000,0x00000007aab00000,0x00000007bdb00000)
  from space 22016K, 82% used [0x00000007bdb00000,0x00000007becb0020,0x00000007bf080000)
  to   space 24064K, 0% used [0x00000007c1780000,0x00000007c1780000,0x00000007c2f00000)
 ParOldGen       total 37376K, used 31171K [0x0000000700000000, 0x0000000702480000, 0x00000007aab00000)
  object space 37376K, 83% used [0x0000000700000000,0x0000000701e70fc0,0x0000000702480000)
 Metaspace       used 32572K, committed 32960K, reserved 1114112K
  class space    used 4544K, committed 4736K, reserved 1048576K
}
Event: 60.002 GC heap before
{Heap before GC invocations=43 (full 3):
 PSYoungGen      total 333312K, used 329408K [0x00000007aab00000, 0x00000007c2f00000, 0x0000000800000000)
  eden space 311296K, 100% used [0x00000007aab00000,0x00000007bdb00000,0x00000007bdb00000)
  from space 22016K, 82% used [0x00000007bdb00000,0x00000007becb0020,0x00000007bf080000)
  to   space 24064K, 0% used [0x00000007c1780000,0x00000007c1780000,0x00000007c2f00000)
 ParOldGen       total 37376K, used 31171K [0x0000000700000000, 0x0000000702480000, 0x00000007aab00000)
  object space 37376K, 83% used [0x0000000700000000,0x0000000701e70fc0,0x0000000702480000)
 Metaspace       used 32592K, committed 32960K, reserved 1114112K
  class space    used 4544K, committed 4736K, reserved 1048576K
}
Event: 60.144 GC heap after
{Heap after GC invocations=43 (full 3):
 PSYoungGen      total 371712K, used 19120K [0x00000007aab00000, 0x00000007c3200000, 0x0000000800000000)
  eden space 347648K, 0% used [0x00000007aab00000,0x00000007aab00000,0x00000007bfe80000)
  from space 24064K, 79% used [0x00000007c1780000,0x00000007c2a2c030,0x00000007c2f00000)
  to   space 25600K, 0% used [0x00000007bfe80000,0x00000007bfe80000,0x00000007c1780000)
 ParOldGen       total 37376K, used 31923K [0x0000000700000000, 0x0000000702480000, 0x00000007aab00000)
  object space 37376K, 85% used [0x0000000700000000,0x0000000701f2cfc0,0x0000000702480000)
 Metaspace       used 32592K, committed 32960K, reserved 1114112K
  class space    used 4544K, committed 4736K, reserved 1048576K
}
Event: 62.801 GC heap before
{Heap before GC invocations=44 (full 3):
 PSYoungGen      total 371712K, used 366768K [0x00000007aab00000, 0x00000007c3200000, 0x0000000800000000)
  eden space 347648K, 100% used [0x00000007aab00000,0x00000007bfe80000,0x00000007bfe80000)
  from space 24064K, 79% used [0x00000007c1780000,0x00000007c2a2c030,0x00000007c2f00000)
  to   space 25600K, 0% used [0x00000007bfe80000,0x00000007bfe80000,0x00000007c1780000)
 ParOldGen       total 37376K, used 31923K [0x0000000700000000, 0x0000000702480000, 0x00000007aab00000)
  object space 37376K, 85% used [0x0000000700000000,0x0000000701f2cfc0,0x0000000702480000)
 Metaspace       used 32593K, committed 32960K, reserved 1114112K
  class space    used 4544K, committed 4736K, reserved 1048576K
}
Event: 62.961 GC heap after
{Heap after GC invocations=44 (full 3):
 PSYoungGen      total 373248K, used 19824K [0x00000007aab00000, 0x00000007c5800000, 0x0000000800000000)
  eden space 347648K, 0% used [0x00000007aab00000,0x00000007aab00000,0x00000007bfe80000)
  from space 25600K, 77% used [0x00000007bfe80000,0x00000007c11dc030,0x00000007c1780000)
  to   space 27136K, 0% used [0x00000007c3d80000,0x00000007c3d80000,0x00000007c5800000)
 ParOldGen       total 37376K, used 32755K [0x0000000700000000, 0x0000000702480000, 0x00000007aab00000)
  object space 37376K, 87% used [0x0000000700000000,0x0000000701ffcfc0,0x0000000702480000)
 Metaspace       used 32593K, committed 32960K, reserved 1114112K
  class space    used 4544K, committed 4736K, reserved 1048576K
}
Event: 65.706 GC heap before
{Heap before GC invocations=45 (full 3):
 PSYoungGen      total 373248K, used 367472K [0x00000007aab00000, 0x00000007c5800000, 0x0000000800000000)
  eden space 347648K, 100% used [0x00000007aab00000,0x00000007bfe80000,0x00000007bfe80000)
  from space 25600K, 77% used [0x00000007bfe80000,0x00000007c11dc030,0x00000007c1780000)
  to   space 27136K, 0% used [0x00000007c3d80000,0x00000007c3d80000,0x00000007c5800000)
 ParOldGen       total 37376K, used 32755K [0x0000000700000000, 0x0000000702480000, 0x00000007aab00000)
  object space 37376K, 87% used [0x0000000700000000,0x0000000701ffcfc0,0x0000000702480000)
 Metaspace       used 32605K, committed 32960K, reserved 1114112K
  class space    used 4544K, committed 4736K, reserved 1048576K
}
Event: 65.825 GC heap after
{Heap after GC invocations=45 (full 3):
 PSYoungGen      total 411136K, used 20597K [0x00000007aab00000, 0x00000007c5900000, 0x0000000800000000)
  eden space 384000K, 0% used [0x00000007aab00000,0x00000007aab00000,0x00000007c2200000)
  from space 27136K, 75% used [0x00000007c3d80000,0x00000007c519d468,0x00000007c5800000)
  to   space 28160K, 0% used [0x00000007c2200000,0x00000007c2200000,0x00000007c3d80000)
 ParOldGen       total 37376K, used 33387K [0x0000000700000000, 0x0000000702480000, 0x00000007aab00000)
  object space 37376K, 89% used [0x0000000700000000,0x000000070209afc0,0x0000000702480000)
 Metaspace       used 32605K, committed 32960K, reserved 1114112K
  class space    used 4544K, committed 4736K, reserved 1048576K
}
Event: 74.844 GC heap before
{Heap before GC invocations=46 (full 3):
 PSYoungGen      total 411136K, used 404597K [0x00000007aab00000, 0x00000007c5900000, 0x0000000800000000)
  eden space 384000K, 100% used [0x00000007aab00000,0x00000007c2200000,0x00000007c2200000)
  from space 27136K, 75% used [0x00000007c3d80000,0x00000007c519d468,0x00000007c5800000)
  to   space 28160K, 0% used [0x00000007c2200000,0x00000007c2200000,0x00000007c3d80000)
 ParOldGen       total 37376K, used 33387K [0x0000000700000000, 0x0000000702480000, 0x00000007aab00000)
  object space 37376K, 89% used [0x0000000700000000,0x000000070209afc0,0x0000000702480000)
 Metaspace       used 33733K, committed 34176K, reserved 1114112K
  class space    used 4677K, committed 4864K, reserved 1048576K
}

