# JRE version: OpenJDK Runtime Environment (17.0.16+8) (build 17.0.16+8-Debian-1deb12u1)
# Java VM: OpenJDK 64-Bit Server VM (17.0.16+8-Debian-1deb12u1, mixed mode, sharing, tiered, compressed oops, compressed class ptrs, parallel gc, linux-amd64)
GC Precious Log:
 CPUs: 2 total, 2 available
 Memory: 1024M
 Large Page Support: Disabled
 NUMA Support: Disabled
 Compressed Oops: Enabled (Zero based)
 Alignments: Space 512K, Generation 512K, Heap 2M
 Heap Min Capacity: 8M
 Heap Initial Capacity: 16M
 Heap Max Capacity: 4G
 Pre-touch: Disabled
 Parallel Workers: 2
Heap:
 PSYoungGen      total 304128K, used 23535K [0x00000007aab00000, 0x00000007beb00000, 0x0000000800000000)
  eden space 280576K, 0% used [0x00000007aab00000,0x00000007aab00000,0x00000007bbd00000)
  from space 23552K, 99% used [0x00000007bbd00000,0x00000007bd3fbcf8,0x00000007bd400000)
  to   space 22016K, 0% used [0x00000007bd480000,0x00000007bd480000,0x00000007bea00000)
 ParOldGen       total 76800K, used 54019K [0x0000000700000000, 0x0000000704b00000, 0x00000007aab00000)
  object space 76800K, 70% used [0x0000000700000000,0x00000007034c0c20,0x0000000704b00000)
 Metaspace       used 129033K, committed 129664K, reserved 1179648K
  class space    used 16194K, committed 16448K, reserved 1048576K
GC Heap History (20 events):
Event: 41.940 GC heap after
{Heap after GC invocations=31 (full 3):
 PSYoungGen      total 221696K, used 1339K [0x00000007aab00000, 0x00000007bae00000, 0x0000000800000000)
  eden space 208384K, 0% used [0x00000007aab00000,0x00000007aab00000,0x00000007b7680000)
  from space 13312K, 10% used [0x00000007b7680000,0x00000007b77cee28,0x00000007b8380000)
  to   space 13312K, 0% used [0x00000007ba100000,0x00000007ba100000,0x00000007bae00000)
 ParOldGen       total 53248K, used 42432K [0x0000000700000000, 0x0000000703400000, 0x00000007aab00000)
  object space 53248K, 79% used [0x0000000700000000,0x0000000702970248,0x0000000703400000)
 Metaspace       used 36383K, committed 36800K, reserved 1114112K
  class space    used 4936K, committed 5120K, reserved 1048576K
}
Event: 49.665 GC heap before
{Heap before GC invocations=32 (full 3):
 PSYoungGen      total 221696K, used 173252K [0x00000007aab00000, 0x00000007bae00000, 0x0000000800000000)
  eden space 208384K, 82% used [0x00000007aab00000,0x00000007b52e2578,0x00000007b7680000)
  from space 13312K, 10% used [0x00000007b7680000,0x00000007b77cee28,0x00000007b8380000)
  to   space 13312K, 0% used [0x00000007ba100000,0x00000007ba100000,0x00000007bae00000)
 ParOldGen       total 53248K, used 42432K [0x0000000700000000, 0x0000000703400000, 0x00000007aab00000)
  object space 53248K, 79% used [0x0000000700000000,0x0000000702970248,0x0000000703400000)
 Metaspace       used 54825K, committed 55296K, reserved 1114112K
  class space    used 7721K, committed 7936K, reserved 1048576K
}
Event: 49.781 GC heap after
{Heap after GC invocations=32 (full 3):
 PSYoungGen      total 249344K, used 13289K [0x00000007aab00000, 0x00000007bb300000, 0x0000000800000000)
  eden space 236032K, 0% used [0x00000007aab00000,0x00000007aab00000,0x00000007b9180000)
  from space 13312K, 99% used [0x00000007ba100000,0x00000007badfa5c8,0x00000007bae00000)
  to   space 15872K, 0% used [0x00000007b9180000,0x00000007b9180000,0x00000007ba100000)
 ParOldGen       total 53248K, used 43612K [0x0000000700000000, 0x0000000703400000, 0x00000007aab00000)
  object space 53248K, 81% used [0x0000000700000000,0x0000000702a97060,0x0000000703400000)
 Metaspace       used 54825K, committed 55296K, reserved 1114112K
  class space    used 7721K, committed 7936K, reserved 1048576K
}
Event: 49.781 GC heap before
{Heap before GC invocations=33 (full 4):
 PSYoungGen      total 249344K, used 13289K [0x00000007aab00000, 0x00000007bb300000, 0x0000000800000000)
  eden space 236032K, 0% used [0x00000007aab00000,0x00000007aab00000,0x00000007b9180000)
  from space 13312K, 99% used [0x00000007ba100000,0x00000007badfa5c8,0x00000007bae00000)
  to   space 15872K, 0% used [0x00000007b9180000,0x00000007b9180000,0x00000007ba100000)
 ParOldGen       total 53248K, used 43612K [0x0000000700000000, 0x0000000703400000, 0x00000007aab00000)
  object space 53248K, 81% used [0x0000000700000000,0x0000000702a97060,0x0000000703400000)
 Metaspace       used 54825K, committed 55296K, reserved 1114112K
  class space    used 7721K, committed 7936K, reserved 1048576K
}
Event: 50.179 GC heap after
{Heap after GC invocations=33 (full 4):
 PSYoungGen      total 249344K, used 0K [0x00000007aab00000, 0x00000007bb300000, 0x0000000800000000)
  eden space 236032K, 0% used [0x00000007aab00000,0x00000007aab00000,0x00000007b9180000)
  from space 13312K, 0% used [0x00000007ba100000,0x00000007ba100000,0x00000007bae00000)
  to   space 15872K, 0% used [0x00000007b9180000,0x00000007b9180000,0x00000007ba100000)
 ParOldGen       total 53248K, used 41187K [0x0000000700000000, 0x0000000703400000, 0x00000007aab00000)
  object space 53248K, 77% used [0x0000000700000000,0x0000000702838d40,0x0000000703400000)
 Metaspace       used 54825K, committed 55296K, reserved 1114112K
  class space    used 7721K, committed 7936K, reserved 1048576K
}
Event: 60.484 GC heap before
{Heap before GC invocations=34 (full 4):
 PSYoungGen      total 249344K, used 236032K [0x00000007aab00000, 0x00000007bb300000, 0x0000000800000000)
  eden space 236032K, 100% used [0x00000007aab00000,0x00000007b9180000,0x00000007b9180000)
  from space 13312K, 0% used [0x00000007ba100000,0x00000007ba100000,0x00000007bae00000)
  to   space 15872K, 0% used [0x00000007b9180000,0x00000007b9180000,0x00000007ba100000)
 ParOldGen       total 53248K, used 41187K [0x0000000700000000, 0x0000000703400000, 0x00000007aab00000)
  object space 53248K, 77% used [0x0000000700000000,0x0000000702838d40,0x0000000703400000)
 Metaspace       used 76527K, committed 76992K, reserved 1179648K
  class space    used 10096K, committed 10304K, reserved 1048576K
}
Event: 60.600 GC heap after
{Heap after GC invocations=34 (full 4):
 PSYoungGen      total 251904K, used 15860K [0x00000007aab00000, 0x00000007bd700000, 0x0000000800000000)
  eden space 236032K, 0% used [0x00000007aab00000,0x00000007aab00000,0x00000007b9180000)
  from space 15872K, 99% used [0x00000007b9180000,0x00000007ba0fd338,0x00000007ba100000)
  to   space 20480K, 0% used [0x00000007bc300000,0x00000007bc300000,0x00000007bd700000)
 ParOldGen       total 53248K, used 45529K [0x0000000700000000, 0x0000000703400000, 0x00000007aab00000)
  object space 53248K, 85% used [0x0000000700000000,0x0000000702c76518,0x0000000703400000)
 Metaspace       used 76527K, committed 76992K, reserved 1179648K
  class space    used 10096K, committed 10304K, reserved 1048576K
}
Event: 66.303 GC heap before
{Heap before GC invocations=35 (full 4):
 PSYoungGen      total 251904K, used 133586K [0x00000007aab00000, 0x00000007bd700000, 0x0000000800000000)
  eden space 236032K, 49% used [0x00000007aab00000,0x00000007b1df7588,0x00000007b9180000)
  from space 15872K, 99% used [0x00000007b9180000,0x00000007ba0fd338,0x00000007ba100000)
  to   space 20480K, 0% used [0x00000007bc300000,0x00000007bc300000,0x00000007bd700000)
 ParOldGen       total 53248K, used 45529K [0x0000000700000000, 0x0000000703400000, 0x00000007aab00000)
  object space 53248K, 85% used [0x0000000700000000,0x0000000702c76518,0x0000000703400000)
 Metaspace       used 91690K, committed 92160K, reserved 1179648K
  class space    used 11696K, committed 11904K, reserved 1048576K
}
Event: 66.401 GC heap after
{Heap after GC invocations=35 (full 4):
 PSYoungGen      total 283136K, used 20452K [0x00000007aab00000, 0x00000007bde00000, 0x0000000800000000)
  eden space 262656K, 0% used [0x00000007aab00000,0x00000007aab00000,0x00000007bab80000)
  from space 20480K, 99% used [0x00000007bc300000,0x00000007bd6f9328,0x00000007bd700000)
  to   space 24064K, 0% used [0x00000007bab80000,0x00000007bab80000,0x00000007bc300000)
 ParOldGen       total 53248K, used 45569K [0x0000000700000000, 0x0000000703400000, 0x00000007aab00000)
  object space 53248K, 85% used [0x0000000700000000,0x0000000702c80518,0x0000000703400000)
 Metaspace       used 91690K, committed 92160K, reserved 1179648K
  class space    used 11696K, committed 11904K, reserved 1048576K
}
Event: 66.401 GC heap before
{Heap before GC invocations=36 (full 5):
 PSYoungGen      total 283136K, used 20452K [0x00000007aab00000, 0x00000007bde00000, 0x0000000800000000)
  eden space 262656K, 0% used [0x00000007aab00000,0x00000007aab00000,0x00000007bab80000)
  from space 20480K, 99% used [0x00000007bc300000,0x00000007bd6f9328,0x00000007bd700000)
  to   space 24064K, 0% used [0x00000007bab80000,0x00000007bab80000,0x00000007bc300000)
 ParOldGen       total 53248K, used 45569K [0x0000000700000000, 0x0000000703400000, 0x00000007aab00000)
  object space 53248K, 85% used [0x0000000700000000,0x0000000702c80518,0x0000000703400000)
 Metaspace       used 91690K, committed 92160K, reserved 1179648K
  class space    used 11696K, committed 11904K, reserved 1048576K
}
Event: 67.163 GC heap after
{Heap after GC invocations=36 (full 5):
 PSYoungGen      total 283136K, used 11203K [0x00000007aab00000, 0x00000007bde00000, 0x0000000800000000)
  eden space 262656K, 0% used [0x00000007aab00000,0x00000007aab00000,0x00000007bab80000)
  from space 20480K, 54% used [0x00000007bc300000,0x00000007bcdf0e00,0x00000007bd700000)
  to   space 24064K, 0% used [0x00000007bab80000,0x00000007bab80000,0x00000007bc300000)
 ParOldGen       total 53248K, used 53194K [0x0000000700000000, 0x0000000703400000, 0x00000007aab00000)
  object space 53248K, 99% used [0x0000000700000000,0x00000007033f2b18,0x0000000703400000)
 Metaspace       used 91690K, committed 92160K, reserved 1179648K
  class space    used 11696K, committed 11904K, reserved 1048576K
}
Event: 72.380 GC heap before
{Heap before GC invocations=37 (full 6):
 PSYoungGen      total 283136K, used 273859K [0x00000007aab00000, 0x00000007bde00000, 0x0000000800000000)
  eden space 262656K, 100% used [0x00000007aab00000,0x00000007bab80000,0x00000007bab80000)
  from space 20480K, 54% used [0x00000007bc300000,0x00000007bcdf0e00,0x00000007bd700000)
  to   space 24064K, 0% used [0x00000007bab80000,0x00000007bab80000,0x00000007bc300000)
 ParOldGen       total 53248K, used 53194K [0x0000000700000000, 0x0000000703400000, 0x00000007aab00000)
  object space 53248K, 99% used [0x0000000700000000,0x00000007033f2b18,0x0000000703400000)
 Metaspace       used 97553K, committed 98112K, reserved 1179648K
  class space    used 12541K, committed 12800K, reserved 1048576K
}
Event: 73.061 GC heap after
{Heap after GC invocations=37 (full 6):
 PSYoungGen      total 286720K, used 5404K [0x00000007aab00000, 0x00000007bf000000, 0x0000000800000000)
  eden space 262656K, 2% used [0x00000007aab00000,0x00000007ab0470a0,0x00000007bab80000)
  from space 24064K, 0% used [0x00000007bab80000,0x00000007bab80000,0x00000007bc300000)
  to   space 20480K, 0% used [0x00000007bc300000,0x00000007bc300000,0x00000007bd700000)
 ParOldGen       total 76800K, used 53242K [0x0000000700000000, 0x0000000704b00000, 0x00000007aab00000)
  object space 76800K, 69% used [0x0000000700000000,0x00000007033feb20,0x0000000704b00000)
 Metaspace       used 97553K, committed 98112K, reserved 1179648K
  class space    used 12541K, committed 12800K, reserved 1048576K
}
Event: 74.246 GC heap before
{Heap before GC invocations=38 (full 6):
 PSYoungGen      total 286720K, used 262656K [0x00000007aab00000, 0x00000007bf000000, 0x0000000800000000)
  eden space 262656K, 100% used [0x00000007aab00000,0x00000007bab80000,0x00000007bab80000)
  from space 24064K, 0% used [0x00000007bab80000,0x00000007bab80000,0x00000007bc300000)
  to   space 20480K, 0% used [0x00000007bc300000,0x00000007bc300000,0x00000007bd700000)
 ParOldGen       total 76800K, used 53242K [0x0000000700000000, 0x0000000704b00000, 0x00000007aab00000)
  object space 76800K, 69% used [0x0000000700000000,0x00000007033feb20,0x0000000704b00000)
 Metaspace       used 97553K, committed 98112K, reserved 1179648K
  class space    used 12541K, committed 12800K, reserved 1048576K
}
Event: 74.320 GC heap after
{Heap after GC invocations=38 (full 6):
 PSYoungGen      total 284160K, used 9030K [0x00000007aab00000, 0x00000007bec00000, 0x0000000800000000)
  eden space 263680K, 0% used [0x00000007aab00000,0x00000007aab00000,0x00000007bac80000)
  from space 20480K, 44% used [0x00000007bc300000,0x00000007bcbd18e0,0x00000007bd700000)
  to   space 23040K, 0% used [0x00000007bac80000,0x00000007bac80000,0x00000007bc300000)
 ParOldGen       total 76800K, used 53242K [0x0000000700000000, 0x0000000704b00000, 0x00000007aab00000)
  object space 76800K, 69% used [0x0000000700000000,0x00000007033feb20,0x0000000704b00000)
 Metaspace       used 97553K, committed 98112K, reserved 1179648K
  class space    used 12541K, committed 12800K, reserved 1048576K
}
Event: 76.204 GC heap before
{Heap before GC invocations=39 (full 6):
 PSYoungGen      total 284160K, used 272710K [0x00000007aab00000, 0x00000007bec00000, 0x0000000800000000)
  eden space 263680K, 100% used [0x00000007aab00000,0x00000007bac80000,0x00000007bac80000)
  from space 20480K, 44% used [0x00000007bc300000,0x00000007bcbd18e0,0x00000007bd700000)
  to   space 23040K, 0% used [0x00000007bac80000,0x00000007bac80000,0x00000007bc300000)
 ParOldGen       total 76800K, used 53242K [0x0000000700000000, 0x0000000704b00000, 0x00000007aab00000)
  object space 76800K, 69% used [0x0000000700000000,0x00000007033feb20,0x0000000704b00000)
 Metaspace       used 97563K, committed 98112K, reserved 1179648K
  class space    used 12541K, committed 12800K, reserved 1048576K
}
Event: 76.261 GC heap after
{Heap after GC invocations=39 (full 6):
 PSYoungGen      total 286720K, used 10726K [0x00000007aab00000, 0x00000007bea00000, 0x0000000800000000)
  eden space 263680K, 0% used [0x00000007aab00000,0x00000007aab00000,0x00000007bac80000)
  from space 23040K, 46% used [0x00000007bac80000,0x00000007bb6f98e0,0x00000007bc300000)
  to   space 22016K, 0% used [0x00000007bd480000,0x00000007bd480000,0x00000007bea00000)
 ParOldGen       total 76800K, used 53242K [0x0000000700000000, 0x0000000704b00000, 0x00000007aab00000)
  object space 76800K, 69% used [0x0000000700000000,0x00000007033feb20,0x0000000704b00000)
 Metaspace       used 97563K, committed 98112K, reserved 1179648K
  class space    used 12541K, committed 12800K, reserved 1048576K
}
Event: 91.241 GC heap before
{Heap before GC invocations=40 (full 6):
 PSYoungGen      total 286720K, used 274406K [0x00000007aab00000, 0x00000007bea00000, 0x0000000800000000)
  eden space 263680K, 100% used [0x00000007aab00000,0x00000007bac80000,0x00000007bac80000)
  from space 23040K, 46% used [0x00000007bac80000,0x00000007bb6f98e0,0x00000007bc300000)
  to   space 22016K, 0% used [0x00000007bd480000,0x00000007bd480000,0x00000007bea00000)
 ParOldGen       total 76800K, used 53242K [0x0000000700000000, 0x0000000704b00000, 0x00000007aab00000)
  object space 76800K, 69% used [0x0000000700000000,0x00000007033feb20,0x0000000704b00000)
 Metaspace       used 113053K, committed 113664K, reserved 1179648K
  class space    used 14372K, committed 14656K, reserved 1048576K
}
Event: 91.341 GC heap after
{Heap after GC invocations=40 (full 6):
 PSYoungGen      total 302592K, used 16156K [0x00000007aab00000, 0x00000007beb00000, 0x0000000800000000)
  eden space 280576K, 0% used [0x00000007aab00000,0x00000007aab00000,0x00000007bbd00000)
  from space 22016K, 73% used [0x00000007bd480000,0x00000007be447250,0x00000007bea00000)
  to   space 23552K, 0% used [0x00000007bbd00000,0x00000007bbd00000,0x00000007bd400000)
 ParOldGen       total 76800K, used 53242K [0x0000000700000000, 0x0000000704b00000, 0x00000007aab00000)
  object space 76800K, 69% used [0x0000000700000000,0x00000007033feb20,0x0000000704b00000)
 Metaspace       used 113053K, committed 113664K, reserved 1179648K
  class space    used 14372K, committed 14656K, reserved 1048576K
}
Event: 120.382 GC heap before
{Heap before GC invocations=41 (full 6):
 PSYoungGen      total 302592K, used 296732K [0x00000007aab00000, 0x00000007beb00000, 0x0000000800000000)
  eden space 280576K, 100% used [0x00000007aab00000,0x00000007bbd00000,0x00000007bbd00000)
  from space 22016K, 73% used [0x00000007bd480000,0x00000007be447250,0x00000007bea00000)
  to   space 23552K, 0% used [0x00000007bbd00000,0x00000007bbd00000,0x00000007bd400000)
 ParOldGen       total 76800K, used 53242K [0x0000000700000000, 0x0000000704b00000, 0x00000007aab00000)
  object space 76800K, 69% used [0x0000000700000000,0x00000007033feb20,0x0000000704b00000)
 Metaspace       used 129033K, committed 129664K, reserved 1179648K
  class space    used 16194K, committed 16448K, reserved 1048576K
}

